Aug 05, 2025 9:10:56 PM liquibase.changelog
INFO: Reading resource: db/changelog/migrations/db.changelog-202508052103.sql
Aug 05, 2025 9:10:56 PM liquibase.command
INFO: Logging exception.
ERROR: Exception Details
ERROR: Exception Primary Class:  ChangeLogParseException
ERROR: Exception Primary Reason:  
Unexpected formatting at line 2. Formatted SQL changelogs do not allow comment lines outside of changesets. Learn all the options at https://docs.liquibase.com/concepts/changelogs/sql-format.html
ERROR: Exception Primary Source:  4.31.1
Aug 05, 2025 9:10:56 PM liquibase.command
INFO: Command execution complete
liquibase.exception.CommandExecutionException: liquibase.exception.ChangeLogParseException: Error parsing /db/changelog/db.changelog-master.yml : 
Unexpected formatting at line 2. Formatted SQL changelogs do not allow comment lines outside of changesets. Learn all the options at https://docs.liquibase.com/concepts/changelogs/sql-format.html
	at liquibase.command.CommandScope.lambda$execute$6(CommandScope.java:300)
	at liquibase.Scope.child(Scope.java:210)
	at liquibase.Scope.child(Scope.java:186)
	at liquibase.command.CommandScope.execute(CommandScope.java:241)
	at liquibase.Liquibase.lambda$update$0(Liquibase.java:216)
	at liquibase.Scope.lambda$child$0(Scope.java:201)
	at liquibase.Scope.child(Scope.java:210)
	at liquibase.Scope.child(Scope.java:200)
	at liquibase.Scope.child(Scope.java:179)
	at liquibase.Liquibase.runInScope(Liquibase.java:1333)
	at liquibase.Liquibase.update(Liquibase.java:205)
	at liquibase.Liquibase.update(Liquibase.java:188)
	at liquibase.Liquibase.update(Liquibase.java:175)
	at liquibase.Liquibase.update(Liquibase.java:155)
	at com.paaulooo.boardtarefas.persistence.migration.Strategy.executeMigration(Strategy.java:36)
	at com.paaulooo.boardtarefas.BoardTarefasApplication.main(BoardTarefasApplication.java:17)
Caused by: liquibase.exception.ChangeLogParseException: Error parsing /db/changelog/db.changelog-master.yml : 
Unexpected formatting at line 2. Formatted SQL changelogs do not allow comment lines outside of changesets. Learn all the options at https://docs.liquibase.com/concepts/changelogs/sql-format.html
	at liquibase.parser.core.yaml.YamlChangeLogParser.parse(YamlChangeLogParser.java:98)
	at liquibase.command.core.helpers.DatabaseChangelogCommandStep.lambda$getDatabaseChangeLog$0(DatabaseChangelogCommandStep.java:125)
	at liquibase.Scope.child(Scope.java:210)
	at liquibase.Scope.child(Scope.java:186)
	at liquibase.command.core.helpers.DatabaseChangelogCommandStep.getDatabaseChangeLog(DatabaseChangelogCommandStep.java:124)
	at liquibase.command.core.helpers.DatabaseChangelogCommandStep.run(DatabaseChangelogCommandStep.java:83)
	at liquibase.command.CommandScope.lambda$execute$6(CommandScope.java:253)
	... 15 more
Caused by: liquibase.exception.SetupException: 
Unexpected formatting at line 2. Formatted SQL changelogs do not allow comment lines outside of changesets. Learn all the options at https://docs.liquibase.com/concepts/changelogs/sql-format.html
	at liquibase.changelog.DatabaseChangeLog.includeAll(DatabaseChangeLog.java:849)
	at liquibase.changelog.DatabaseChangeLog.handleIncludeAll(DatabaseChangeLog.java:617)
	at liquibase.changelog.DatabaseChangeLog.handleChildNodeHelper(DatabaseChangeLog.java:481)
	at liquibase.changelog.DatabaseChangeLog.handleChildNode(DatabaseChangeLog.java:462)
	at liquibase.changelog.DatabaseChangeLog.load(DatabaseChangeLog.java:429)
	at liquibase.parser.core.yaml.YamlChangeLogParser.parse(YamlChangeLogParser.java:92)
	... 21 more
Caused by: liquibase.exception.LiquibaseException: 
Unexpected formatting at line 2. Formatted SQL changelogs do not allow comment lines outside of changesets. Learn all the options at https://docs.liquibase.com/concepts/changelogs/sql-format.html
	at liquibase.changelog.DatabaseChangeLog.include(DatabaseChangeLog.java:1110)
	at liquibase.changelog.DatabaseChangeLog.lambda$includeAll$6(DatabaseChangeLog.java:844)
	at liquibase.Scope.lambda$child$0(Scope.java:201)
	at liquibase.Scope.child(Scope.java:210)
	at liquibase.Scope.child(Scope.java:200)
	at liquibase.Scope.child(Scope.java:179)
	at liquibase.changelog.DatabaseChangeLog.includeAll(DatabaseChangeLog.java:841)
	... 26 more
Caused by: liquibase.exception.ChangeLogParseException: 
Unexpected formatting at line 2. Formatted SQL changelogs do not allow comment lines outside of changesets. Learn all the options at https://docs.liquibase.com/concepts/changelogs/sql-format.html
	at liquibase.parser.AbstractFormattedChangeLogParser.parse(AbstractFormattedChangeLogParser.java:500)
	at liquibase.changelog.DatabaseChangeLog.include(DatabaseChangeLog.java:1082)
	... 32 more
